<?xml version="1.0" encoding="UTF-8"?>
<testng-results ignored="0" total="1" passed="1" failed="0" skipped="0">
  <reporter-output>
  </reporter-output>
  <suite started-at="2022-11-22T17:49:19 IST" name="Default suite" finished-at="2022-11-22T17:49:19 IST" duration-ms="44">
    <groups>
    </groups>
    <test started-at="2022-11-22T17:49:19 IST" name="Default test" finished-at="2022-11-22T17:49:19 IST" duration-ms="44">
      <class name="Demo.Sample1Test">
        <test-method signature="stest()[pri:0, instance:Demo.Sample1Test@5e316c74]" started-at="2022-11-22T17:49:19 IST" name="stest" finished-at="2022-11-22T17:49:19 IST" duration-ms="11" status="PASS">
          <reporter-output>
          </reporter-output>
        </test-method> <!-- stest -->
      </class> <!-- Demo.Sample1Test -->
    </test> <!-- Default test -->
  </suite> <!-- Default suite -->
</testng-results>
